u'{"time":"2019-07-27 22:26:20,364","name":"root","level": "ERROR","module": "views","line": "166","message": "'appurl'"}'
u'{"time":"2019-07-27 22:29:23,154","name":"root","level": "ERROR","module": "views","line": "167","message": "'accountname'"}'
u'{"time":"2019-07-27 22:33:00,036","name":"root","level": "ERROR","module": "views","line": "167","message": "'accountname'"}'
u'{"time":"2019-07-27 22:35:01,571","name":"root","level": "ERROR","module": "views","line": "167","message": "'storageconnectstring'"}'
u'{"time":"2019-07-27 22:35:30,054","name":"root","level": "ERROR","module": "views","line": "167","message": "'servername'"}'
u'{"time":"2019-07-27 22:36:21,429","name":"root","level": "ERROR","module": "views","line": "167","message": "'sqlpass'"}'
u'{"time":"2019-07-27 22:42:24,775","name":"root","level": "ERROR","module": "views","line": "167","message": "'sources'"}'
u'{"time":"2019-07-27 22:48:34,719","name":"root","level": "ERROR","module": "views","line": "167","message": "'bqproject'"}'
u'{"time":"2019-07-27 22:54:42,033","name":"root","level": "ERROR","module": "views","line": "170","message": "You need to provide an account name and either an account_key or sas_token when creating a storage service."}'
u'{"time":"2019-07-28 12:03:34,290","name":"root","level": "ERROR","module": "views","line": "172","message": "400 Client Error: Bad Request for url: https://management.azure.com/subscriptions/98b7f374-098f-4d1e-98d1-a2ca9fc58c4c/resourcegroups/Divaker-RG/providers/Microsoft.Resources/deployments/azure-sample?api-version=2019-05-01"}'
u'{"time":"2019-07-28 12:10:33,712","name":"root","level": "ERROR","module": "views","line": "172","message": "400 Client Error: Bad Request for url: https://management.azure.com/subscriptions/98b7f374-098f-4d1e-98d1-a2ca9fc58c4c/resourcegroups/Divaker-RG/providers/Microsoft.Resources/deployments/azure-sample?api-version=2019-05-01"}'
u'{"time":"2019-07-28 12:10:34,331","name":"root","level": "ERROR","module": "views","line": "172","message": "400 Client Error: Bad Request for url: https://management.azure.com/subscriptions/98b7f374-098f-4d1e-98d1-a2ca9fc58c4c/resourcegroups/Divaker-RG/providers/Microsoft.Resources/deployments/azure-sample?api-version=2019-05-01"}'
u'{"time":"2019-07-28 12:36:45,635","name":"root","level": "ERROR","module": "views","line": "172","message": "400 Client Error: Bad Request for url: https://management.azure.com/subscriptions/98b7f374-098f-4d1e-98d1-a2ca9fc58c4c/resourcegroups/Divaker-RG/providers/Microsoft.Resources/deployments/azure-sample?api-version=2019-05-01"}'
u'{"time":"2019-07-28 14:20:41,891","name":"root","level": "ERROR","module": "views","line": "172","message": "You need to provide an account name and either an account_key or sas_token when creating a storage service."}'
u'{"time":"2019-07-28 14:21:11,854","name":"root","level": "ERROR","module": "views","line": "172","message": "You need to provide an account name and either an account_key or sas_token when creating a storage service."}'
u'{"time":"2019-07-28 14:21:18,841","name":"root","level": "ERROR","module": "views","line": "172","message": "You need to provide an account name and either an account_key or sas_token when creating a storage service."}'
u'{"time":"2019-07-28 14:22:09,267","name":"root","level": "ERROR","module": "views","line": "172","message": "You need to provide an account name and either an account_key or sas_token when creating a storage service."}'
u'{"time":"2019-07-28 14:22:51,165","name":"root","level": "ERROR","module": "views","line": "172","message": "You need to provide an account name and either an account_key or sas_token when creating a storage service."}'
u'{"time":"2019-07-28 14:23:25,732","name":"root","level": "ERROR","module": "views","line": "172","message": "You need to provide an account name and either an account_key or sas_token when creating a storage service."}'
u'{"time":"2019-07-28 14:23:51,281","name":"root","level": "ERROR","module": "views","line": "172","message": "You need to provide an account name and either an account_key or sas_token when creating a storage service."}'
u'{"time":"2019-07-28 19:14:42,457","name":"root","level": "ERROR","module": "views","line": "172","message": "You need to provide an account name and either an account_key or sas_token when creating a storage service."}'
u'{"time":"2019-07-28 19:15:15,230","name":"root","level": "ERROR","module": "views","line": "172","message": "You need to provide an account name and either an account_key or sas_token when creating a storage service."}'
u'{"time":"2019-07-28 19:16:44,332","name":"root","level": "ERROR","module": "views","line": "172","message": "You need to provide an account name and either an account_key or sas_token when creating a storage service."}'
u'{"time":"2019-07-28 19:19:06,100","name":"root","level": "ERROR","module": "views","line": "172","message": "You need to provide an account name and either an account_key or sas_token when creating a storage service."}'
u'{"time":"2019-07-28 19:19:26,699","name":"root","level": "ERROR","module": "views","line": "172","message": "You need to provide an account name and either an account_key or sas_token when creating a storage service."}'
u'{"time":"2019-07-28 19:29:48,908","name":"root","level": "ERROR","module": "views","line": "172","message": "You need to provide an account name and either an account_key or sas_token when creating a storage service."}'
u'{"time":"2019-07-28 19:30:19,667","name":"root","level": "ERROR","module": "views","line": "172","message": "You need to provide an account name and either an account_key or sas_token when creating a storage service."}'
u'{"time":"2019-07-28 19:30:33,125","name":"root","level": "ERROR","module": "views","line": "172","message": "You need to provide an account name and either an account_key or sas_token when creating a storage service."}'
u'{"time":"2019-07-28 19:31:14,079","name":"root","level": "ERROR","module": "views","line": "172","message": "You need to provide an account name and either an account_key or sas_token when creating a storage service."}'
u'{"time":"2019-07-28 19:41:45,072","name":"root","level": "ERROR","module": "views","line": "172","message": "You need to provide an account name and either an account_key or sas_token when creating a storage service."}'
u'{"time":"2019-07-28 19:42:40,229","name":"root","level": "ERROR","module": "views","line": "172","message": "You need to provide an account name and either an account_key or sas_token when creating a storage service."}'
u'{"time":"2019-07-28 19:43:56,038","name":"root","level": "ERROR","module": "views","line": "172","message": "You need to provide an account name and either an account_key or sas_token when creating a storage service."}'
u'{"time":"2019-07-28 19:44:43,055","name":"root","level": "ERROR","module": "views","line": "172","message": "You need to provide an account name and either an account_key or sas_token when creating a storage service."}'
u'{"time":"2019-07-28 19:47:54,334","name":"root","level": "ERROR","module": "views","line": "172","message": "You need to provide an account name and either an account_key or sas_token when creating a storage service."}'
u'{"time":"2019-07-28 19:48:29,142","name":"root","level": "ERROR","module": "views","line": "172","message": "You need to provide an account name and either an account_key or sas_token when creating a storage service."}'
u'{"time":"2019-07-28 19:48:34,089","name":"root","level": "ERROR","module": "views","line": "172","message": "You need to provide an account name and either an account_key or sas_token when creating a storage service."}'
u'{"time":"2019-07-28 19:48:55,095","name":"root","level": "ERROR","module": "views","line": "172","message": "You need to provide an account name and either an account_key or sas_token when creating a storage service."}'
u'{"time":"2019-07-28 19:49:28,370","name":"root","level": "ERROR","module": "views","line": "172","message": "You need to provide an account name and either an account_key or sas_token when creating a storage service."}'
u'{"time":"2019-07-28 19:49:50,713","name":"root","level": "ERROR","module": "views","line": "172","message": "You need to provide an account name and either an account_key or sas_token when creating a storage service."}'
u'{"time":"2019-07-28 19:52:00,219","name":"root","level": "ERROR","module": "views","line": "172","message": "You need to provide an account name and either an account_key or sas_token when creating a storage service."}'
u'{"time":"2019-07-28 19:53:36,149","name":"root","level": "ERROR","module": "views","line": "172","message": "You need to provide an account name and either an account_key or sas_token when creating a storage service."}'
u'{"time":"2019-07-28 20:11:21,767","name":"root","level": "ERROR","module": "views","line": "175","message": "local variable 'os' referenced before assignment"}'
u'{"time":"2019-07-28 20:12:08,070","name":"root","level": "ERROR","module": "views","line": "175","message": "local variable 'os' referenced before assignment"}'
u'{"time":"2019-07-28 20:12:49,426","name":"root","level": "ERROR","module": "views","line": "175","message": "local variable 'os' referenced before assignment"}'
u'{"time":"2019-07-28 20:17:46,764","name":"root","level": "ERROR","module": "views","line": "175","message": "local variable 'os' referenced before assignment"}'
u'{"time":"2019-07-28 20:21:12,082","name":"root","level": "ERROR","module": "views","line": "175","message": "local variable 'os' referenced before assignment"}'
u'{"time":"2019-07-28 18:34:53,812","name":"root","level": "ERROR","module": "views","line": "176","message": "[Errno 2] No such file or directory: 'bash/home/ubuntu/Desktop/supply_chain/azure_blob_app/databricks_linux/main.sh': 'bash/home/ubuntu/Desktop/supply_chain/azure_blob_app/databricks_linux/main.sh'"}'
u'{"time":"2019-07-28 18:35:22,231","name":"root","level": "ERROR","module": "views","line": "176","message": "[Errno 2] No such file or directory: 'bash/home/ubuntu/Desktop/supply_chain/azure_blob_app/databricks_linux/main.sh': 'bash/home/ubuntu/Desktop/supply_chain/azure_blob_app/databricks_linux/main.sh'"}'
u'{"time":"2019-07-28 18:38:28,291","name":"root","level": "ERROR","module": "views","line": "176","message": "Azure Error: DeploymentFailed
Message: At least one resource deployment operation failed. Please list deployment operations for details. Please see https://aka.ms/arm-debug for usage details.
Exception Details:
	Error Code: BadRequest
	Message: {
  "error": {
    "code": "BadRequest",
    "message": "Failed to encrypt sub-resource payload {\r\n  \"Id\": \"/subscriptions/98b7f374-098f-4d1e-98d1-a2ca9fc58c4c/resourceGroups/Divaker-RG/providers/Microsoft.DataFactory/factories/divakeradf/linkedservices/SQLDBLS\",\r\n  \"Name\": \"SQLDBLS\",\r\n  \"Properties\": {\r\n    \"type\": \"AzureSqlDatabase\",\r\n    \"typeProperties\": {\r\n      \"connectionString\": \"********************\"\r\n    }\r\n  }\r\n} and error is: Format of the initialization string does not conform to specification starting at index 0..",
    "target": "/subscriptions/98b7f374-098f-4d1e-98d1-a2ca9fc58c4c/resourceGroups/Divaker-RG/providers/Microsoft.DataFactory/factories/divakeradf/linkedservices/SQLDBLS",
    "details": null
  }
}"}'
u'{"time":"2019-08-19 11:52:13,559","name":"root","level": "ERROR","module": "views","line": "177","message": "'databricksworkspacescope'"}'
u'{"time":"2019-08-19 11:57:03,927","name":"root","level": "ERROR","module": "views","line": "180","message": "dictionary update sequence element #0 has length 1; 2 is required"}'
u'{"time":"2019-08-19 11:59:40,123","name":"root","level": "ERROR","module": "views","line": "180","message": "dictionary update sequence element #0 has length 1; 2 is required"}'
u'{"time":"2019-08-19 12:04:29,259","name":"root","level": "ERROR","module": "views","line": "180","message": "dictionary update sequence element #0 has length 1; 2 is required"}'
u'{"time":"2019-08-23 02:52:12,574","name":"root","level": "ERROR","module": "views","line": "180","message": "main() missing 1 required positional argument: 'scopename'"}'
u'{"time":"2019-08-23 03:09:48,508","name":"root","level": "ERROR","module": "views","line": "180","message": "'testblobname'"}'
u'{"time":"2019-08-23 03:10:16,598","name":"root","level": "ERROR","module": "views","line": "180","message": "'testblobname'"}'
u'{"time":"2019-08-23 03:12:00,866","name":"root","level": "ERROR","module": "views","line": "180","message": "'testblobname'"}'
u'{"time":"2019-08-23 03:13:22,966","name":"root","level": "ERROR","module": "views","line": "180","message": "'testblobname'"}'
u'{"time":"2019-08-23 03:17:22,174","name":"root","level": "ERROR","module": "views","line": "180","message": "'testblobname'"}'
u'{"time":"2019-08-23 03:21:24,527","name":"root","level": "ERROR","module": "views","line": "180","message": "'testblobname'"}'
u'{"time":"2019-08-23 03:25:41,183","name":"root","level": "ERROR","module": "views","line": "183","message": "HTTPSConnectionPool(host='ctazuresmartenterprisesa.blob.core.windows.net', port=443): Max retries exceeded with url: /marketplacecodes/ADFParameters.json (Caused by NewConnectionError('<urllib3.connection.VerifiedHTTPSConnection object at 0x000002CE35A06648>: Failed to establish a new connection: [Errno 11001] getaddrinfo failed'))"}'
u'{"time":"2019-08-23 03:26:32,143","name":"root","level": "ERROR","module": "views","line": "183","message": "400 Client Error: Bad Request for url: https://management.azure.com/subscriptions/98b7f374-098f-4d1e-98d1-a2ca9fc58c4c/resourcegroups/CT-Azure-Smart-Enterprise-2-RG/providers/Microsoft.Resources/deployments/azure-sample?api-version=2019-05-01"}'
u'{"time":"2019-08-23 03:28:54,954","name":"root","level": "ERROR","module": "views","line": "183","message": "400 Client Error: Bad Request for url: https://management.azure.com/subscriptions/98b7f374-098f-4d1e-98d1-a2ca9fc58c4c/resourcegroups/CT-Azure-Smart-Enterprise-2-RG/providers/Microsoft.Resources/deployments/azure-sample?api-version=2019-05-01"}'
